<?xml version="1.0" encoding="utf-8"?>
<testsuites time="0.031" tests="2" failures="0">
  <testsuite id="0" name="Source.TestSubmission.dll" tests="2" failures="0" time="0.031">
    <testcase classname="Codenation.Challenge.CountryTest" name="Codenation.Challenge.CountryTest.Should_Return_10_Itens_When_Get_Top_10_States" time="0.0170000" />
    <testcase classname="Codenation.Challenge.CountryTest" name="Codenation.Challenge.CountryTest.Should_Return_Top_10_States_By_Area" time="0.0140000" />
  </testsuite>
</testsuites>